0 info it worked if it ends with ok
1 verbose cli [ '/Users/diestrin/.nvm/versions/node/v6.5.0/bin/node',
1 verbose cli   '/Users/diestrin/.nvm/versions/node/v6.5.0/bin/npm',
1 verbose cli   'run',
1 verbose cli   'test' ]
2 info using npm@3.10.3
3 info using node@v6.5.0
4 verbose run-script [ 'pretest', 'test', 'posttest' ]
5 info lifecycle lazy-scroll-loader@1.0.0~pretest: lazy-scroll-loader@1.0.0
6 silly lifecycle lazy-scroll-loader@1.0.0~pretest: no script for pretest, continuing
7 info lifecycle lazy-scroll-loader@1.0.0~test: lazy-scroll-loader@1.0.0
8 verbose lifecycle lazy-scroll-loader@1.0.0~test: unsafe-perm in lifecycle true
9 verbose lifecycle lazy-scroll-loader@1.0.0~test: PATH: /Users/diestrin/.nvm/versions/node/v6.5.0/lib/node_modules/npm/bin/node-gyp-bin:/Volumes/HHD/Projects/NinjaDevsIO/AngularLazyLoad/repo/node_modules/.bin:/Users/diestrin/.nvm/versions/node/v6.5.0/bin:/Users/diestrin/.nvm/versions/node/v6.5.0/bin:/usr/local/opt/gnu-sed/libexec/gnubin:/usr/local/bin:/Volumes/HHD/Android/sdk/platform-tools:/Volumes/HHD/Android/sdk/tools:/usr/local/opt/scala/idea/bin:/usr/local/opt/gnu-sed/libexec/gnubin:/usr/local/bin:/Volumes/HHD/Android/sdk/platform-tools:/Volumes/HHD/Android/sdk/tools:/Users/diestrin/.rvm/bin:/usr/bin:/bin:/usr/sbin:/sbin:/opt/X11/bin
10 verbose lifecycle lazy-scroll-loader@1.0.0~test: CWD: /Volumes/HHD/Projects/NinjaDevsIO/AngularLazyLoad/repo
11 silly lifecycle lazy-scroll-loader@1.0.0~test: Args: [ '-c',
11 silly lifecycle   'tsc && concurrently "tsc -w" "karma start karma.conf.js"' ]
12 silly lifecycle lazy-scroll-loader@1.0.0~test: Returned: code: 2  signal: null
13 info lifecycle lazy-scroll-loader@1.0.0~test: Failed to exec test script
14 verbose stack Error: lazy-scroll-loader@1.0.0 test: `tsc && concurrently "tsc -w" "karma start karma.conf.js"`
14 verbose stack Exit status 2
14 verbose stack     at EventEmitter.<anonymous> (/Users/diestrin/.nvm/versions/node/v6.5.0/lib/node_modules/npm/lib/utils/lifecycle.js:242:16)
14 verbose stack     at emitTwo (events.js:106:13)
14 verbose stack     at EventEmitter.emit (events.js:191:7)
14 verbose stack     at ChildProcess.<anonymous> (/Users/diestrin/.nvm/versions/node/v6.5.0/lib/node_modules/npm/lib/utils/spawn.js:40:14)
14 verbose stack     at emitTwo (events.js:106:13)
14 verbose stack     at ChildProcess.emit (events.js:191:7)
14 verbose stack     at maybeClose (internal/child_process.js:877:16)
14 verbose stack     at Process.ChildProcess._handle.onexit (internal/child_process.js:226:5)
15 verbose pkgid lazy-scroll-loader@1.0.0
16 verbose cwd /Volumes/HHD/Projects/NinjaDevsIO/AngularLazyLoad/repo
17 error Darwin 15.6.0
18 error argv "/Users/diestrin/.nvm/versions/node/v6.5.0/bin/node" "/Users/diestrin/.nvm/versions/node/v6.5.0/bin/npm" "run" "test"
19 error node v6.5.0
20 error npm  v3.10.3
21 error code ELIFECYCLE
22 error lazy-scroll-loader@1.0.0 test: `tsc && concurrently "tsc -w" "karma start karma.conf.js"`
22 error Exit status 2
23 error Failed at the lazy-scroll-loader@1.0.0 test script 'tsc && concurrently "tsc -w" "karma start karma.conf.js"'.
23 error Make sure you have the latest version of node.js and npm installed.
23 error If you do, this is most likely a problem with the lazy-scroll-loader package,
23 error not with npm itself.
23 error Tell the author that this fails on your system:
23 error     tsc && concurrently "tsc -w" "karma start karma.conf.js"
23 error You can get information on how to open an issue for this project with:
23 error     npm bugs lazy-scroll-loader
23 error Or if that isn't available, you can get their info via:
23 error     npm owner ls lazy-scroll-loader
23 error There is likely additional logging output above.
24 verbose exit [ 1, true ]
